0 info it worked if it ends with ok
1 verbose cli [ '/Users/lrd377/.nvm/versions/node/v4.2.6/bin/node',
1 verbose cli   '/Users/lrd377/.nvm/versions/node/v4.2.6/bin/npm',
1 verbose cli   'start' ]
2 info using npm@2.14.12
3 info using node@v4.2.6
4 verbose stack Error: ENOENT: no such file or directory, open '/Users/lrd377/grba-code/grba-master/package.json'
4 verbose stack     at Error (native)
5 verbose cwd /Users/lrd377/grba-code/grba-master
6 error Darwin 15.6.0
7 error argv "/Users/lrd377/.nvm/versions/node/v4.2.6/bin/node" "/Users/lrd377/.nvm/versions/node/v4.2.6/bin/npm" "start"
8 error node v4.2.6
9 error npm  v2.14.12
10 error path /Users/lrd377/grba-code/grba-master/package.json
11 error code ENOENT
12 error errno -2
13 error syscall open
14 error enoent ENOENT: no such file or directory, open '/Users/lrd377/grba-code/grba-master/package.json'
14 error enoent This is most likely not a problem with npm itself
14 error enoent and is related to npm not being able to find a file.
15 verbose exit [ -2, true ]
1 verbose cli [ '/usr/local/Cellar/node/5.10.1/bin/node',
1 verbose cli   '/usr/local/bin/npm',
1 verbose cli   'start' ]
2 info using npm@3.8.3
3 info using node@v5.10.1
4 verbose stack Error: missing script: start
4 verbose stack     at run (/usr/local/lib/node_modules/npm/lib/run-script.js:147:19)
4 verbose stack     at /usr/local/lib/node_modules/npm/lib/run-script.js:57:5
4 verbose stack     at /usr/local/lib/node_modules/npm/node_modules/read-package-json/read-json.js:345:5
4 verbose stack     at checkBinReferences_ (/usr/local/lib/node_modules/npm/node_modules/read-package-json/read-json.js:309:45)
4 verbose stack     at final (/usr/local/lib/node_modules/npm/node_modules/read-package-json/read-json.js:343:3)
4 verbose stack     at then (/usr/local/lib/node_modules/npm/node_modules/read-package-json/read-json.js:113:5)
4 verbose stack     at /usr/local/lib/node_modules/npm/node_modules/read-package-json/read-json.js:300:12
4 verbose stack     at /usr/local/lib/node_modules/npm/node_modules/graceful-fs/graceful-fs.js:78:16
4 verbose stack     at tryToString (fs.js:414:3)
4 verbose stack     at FSReqWrap.readFileAfterClose [as oncomplete] (fs.js:401:12)
5 verbose cwd /Users/kav887/workspaces/grba/grba-master
6 error Darwin 15.6.0
7 error argv "/usr/local/Cellar/node/5.10.1/bin/node" "/usr/local/bin/npm" "start"
8 error node v5.10.1
9 error npm  v3.8.3
10 error missing script: start
11 error If you need help, you may report this error at:
11 error     <https://github.com/npm/npm/issues>
12 verbose exit [ 1, true ]
